<?xml version="1.0" encoding="UTF-8"?>
<!-- Generated by org.testng.reporters.JUnitReportReporter -->
<testsuite hostname="DESKTOP-Q433JQ8" failures="0" tests="1" name="com.Sangeeth.MavenProject.MavenTest" time="2.582" errors="0" timestamp="18 Sep 2021 10:27:13 GMT">
  <testcase classname="com.Sangeeth.MavenProject.MavenTest" name="browserLaunch" time="2.582"/>
</testsuite> <!-- com.Sangeeth.MavenProject.MavenTest -->
